2021-07-17 09:00:39,971 [Worker-2: Loading available Gradle versions] INFO  o.e.b.c.i.u.g.PublishedGradleVersions - Gradle version information cache is up-to-date. Trying to read.
2021-07-27 00:53:57,903 [Worker-2: Loading available Gradle versions] INFO  o.e.b.c.i.u.g.PublishedGradleVersions - Gradle version information cache is up-to-date. Trying to read.
2021-07-28 05:44:01,621 [Worker-1: Loading available Gradle versions] INFO  o.e.b.c.i.u.g.PublishedGradleVersions - Gradle version information cache is up-to-date. Trying to read.
2021-07-28 18:46:01,627 [Worker-4: Loading available Gradle versions] INFO  o.e.b.c.i.u.g.PublishedGradleVersions - Gradle version information cache is up-to-date. Trying to read.
2021-09-08 11:36:10,023 [Worker-1: Loading available Gradle versions] INFO  o.e.b.c.i.u.g.PublishedGradleVersions - Gradle version information cache is out-of-date. Trying to update.
2021-09-08 11:36:10,172 [Worker-1: Loading available Gradle versions] INFO  o.e.b.c.i.u.g.PublishedGradleVersions - Updating Gradle version information cache failed. Using outdated cache.
2021-09-11 14:05:22,093 [Worker-1: Loading available Gradle versions] INFO  o.e.b.c.i.u.g.PublishedGradleVersions - Gradle version information cache is out-of-date. Trying to update.
2021-09-11 14:05:32,844 [Worker-1: Loading available Gradle versions] INFO  o.e.b.c.i.u.g.PublishedGradleVersions - Updating Gradle version information cache failed. Using outdated cache.
2021-09-11 14:06:31,710 [Worker-6: Loading available Gradle versions] INFO  o.e.b.c.i.u.g.PublishedGradleVersions - Gradle version information cache is out-of-date. Trying to update.
2021-09-11 14:08:57,720 [Worker-2: Loading available Gradle versions] INFO  o.e.b.c.i.u.g.PublishedGradleVersions - Gradle version information cache is up-to-date. Trying to read.
2021-09-11 14:28:30,553 [Worker-3: Loading available Gradle versions] INFO  o.e.b.c.i.u.g.PublishedGradleVersions - Gradle version information cache is up-to-date. Trying to read.
2021-09-11 14:30:17,170 [Worker-11: Importing Maven projects] INFO  o.e.m.c.i.l.LifecycleMappingFactory - Using org.eclipse.m2e.jdt.JarLifecycleMapping lifecycle mapping for MavenProject: com.nyundoo:NyundooBackEnd:0.0.1-SNAPSHOT @ /home/nyundoo/eclipse-workspace/NyundooEcommerce/NyundooProject/NyundooWebParent/NyundooBackEnd/pom.xml.
2021-09-11 14:30:17,698 [Worker-11: Importing Maven projects] INFO  o.e.m.c.i.p.WorkspaceClassifierResolverManager - Resolving P/NyundooCommon: com.nyundoo:NyundooCommon:0.0.1-SNAPSHOT with classifier  to /NyundooCommon/target/classes
2021-09-11 14:30:17,708 [Worker-11: Importing Maven projects] INFO  o.e.m.c.i.l.LifecycleMappingFactory - Using NULL lifecycle mapping for MavenProject: com.nyundoo:NyundooWebParent:0.0.1-SNAPSHOT @ /home/nyundoo/eclipse-workspace/NyundooEcommerce/NyundooProject/NyundooWebParent/pom.xml.
2021-09-11 14:30:17,756 [Worker-11: Importing Maven projects] INFO  o.e.m.c.i.p.WorkspaceClassifierResolverManager - Resolving P/NyundooCommon: com.nyundoo:NyundooCommon:0.0.1-SNAPSHOT with classifier  to /NyundooCommon/target/classes
2021-09-11 14:30:17,762 [Worker-11: Importing Maven projects] INFO  o.e.m.c.i.l.LifecycleMappingFactory - Using NULL lifecycle mapping for MavenProject: com.nyundoo:NyundooProject:0.0.1-SNAPSHOT @ /home/nyundoo/eclipse-workspace/NyundooEcommerce/NyundooProject/pom.xml.
2021-09-11 14:30:17,932 [Worker-11: Importing Maven projects] INFO  o.e.m.c.i.l.LifecycleMappingFactory - Using org.eclipse.m2e.jdt.JarLifecycleMapping lifecycle mapping for MavenProject: com.nyundoo:NyundooCommon:0.0.1-SNAPSHOT @ /home/nyundoo/eclipse-workspace/NyundooEcommerce/NyundooProject/NyundooCommon/pom.xml.
2021-09-11 14:30:18,183 [Worker-11: Importing Maven projects] INFO  o.e.m.c.i.l.LifecycleMappingFactory - Using org.eclipse.m2e.jdt.JarLifecycleMapping lifecycle mapping for MavenProject: com.nyundoo:NyundooFrontEnd:0.0.1-SNAPSHOT @ /home/nyundoo/eclipse-workspace/NyundooEcommerce/NyundooProject/NyundooWebParent/NyundooFrontEnd/pom.xml.
2021-09-11 14:30:18,248 [Worker-11: Importing Maven projects] INFO  o.e.m.c.i.p.WorkspaceClassifierResolverManager - Resolving P/NyundooCommon: com.nyundoo:NyundooCommon:0.0.1-SNAPSHOT with classifier  to /NyundooCommon/target/classes
2021-09-11 14:30:18,534 [Worker-11: Importing Maven projects] INFO  o.e.m.c.i.l.LifecycleMappingFactory - Using org.eclipse.m2e.jdt.JarLifecycleMapping lifecycle mapping for MavenProject: com.nyundoo:NyundooBackEnd:0.0.1-SNAPSHOT @ /home/nyundoo/eclipse-workspace/NyundooEcommerce/NyundooProject/NyundooWebParent/NyundooBackEnd/pom.xml.
2021-09-11 14:30:18,562 [Worker-11: Importing Maven projects] INFO  o.e.m.c.i.p.WorkspaceClassifierResolverManager - Resolving P/NyundooCommon: com.nyundoo:NyundooCommon:0.0.1-SNAPSHOT with classifier  to /NyundooCommon/target/classes
2021-09-11 14:30:18,565 [Worker-11: Importing Maven projects] INFO  o.e.m.c.i.l.LifecycleMappingFactory - Using NULL lifecycle mapping for MavenProject: com.nyundoo:NyundooWebParent:0.0.1-SNAPSHOT @ /home/nyundoo/eclipse-workspace/NyundooEcommerce/NyundooProject/NyundooWebParent/pom.xml.
2021-09-11 14:30:18,589 [Worker-11: Importing Maven projects] INFO  o.e.m.c.i.p.WorkspaceClassifierResolverManager - Resolving P/NyundooCommon: com.nyundoo:NyundooCommon:0.0.1-SNAPSHOT with classifier  to /NyundooCommon/target/classes
2021-09-11 14:30:18,838 [Worker-11: Importing Maven projects] INFO  o.e.m.c.i.l.LifecycleMappingFactory - Using org.eclipse.m2e.jdt.JarLifecycleMapping lifecycle mapping for MavenProject: com.nyundoo:NyundooBackEnd:0.0.1-SNAPSHOT @ /home/nyundoo/eclipse-workspace/NyundooEcommerce/NyundooProject/NyundooWebParent/NyundooBackEnd/pom.xml.
2021-09-11 14:30:18,869 [Worker-11: Importing Maven projects] INFO  o.e.m.c.i.p.WorkspaceClassifierResolverManager - Resolving P/NyundooCommon: com.nyundoo:NyundooCommon:0.0.1-SNAPSHOT with classifier  to /NyundooCommon/target/classes
2021-09-11 14:30:19,109 [Worker-11: Importing Maven projects] INFO  o.e.m.c.i.l.LifecycleMappingFactory - Using org.eclipse.m2e.jdt.JarLifecycleMapping lifecycle mapping for MavenProject: com.nyundoo:NyundooFrontEnd:0.0.1-SNAPSHOT @ /home/nyundoo/eclipse-workspace/NyundooEcommerce/NyundooProject/NyundooWebParent/NyundooFrontEnd/pom.xml.
2021-09-11 14:30:19,135 [Worker-11: Importing Maven projects] INFO  o.e.m.c.i.p.WorkspaceClassifierResolverManager - Resolving P/NyundooCommon: com.nyundoo:NyundooCommon:0.0.1-SNAPSHOT with classifier  to /NyundooCommon/target/classes
2021-09-11 14:30:20,121 [Worker-11: Importing Maven projects] INFO  o.e.m.j.i.AbstractJavaProjectConfigurator - Adding source folder /NyundooCommon/src/main/java
2021-09-11 14:30:20,122 [Worker-11: Importing Maven projects] INFO  o.e.m.j.i.AbstractJavaProjectConfigurator - Adding resource folder /NyundooCommon/src/main/resources
2021-09-11 14:30:20,122 [Worker-11: Importing Maven projects] INFO  o.e.m.j.i.AbstractJavaProjectConfigurator - Adding resource folder /NyundooCommon/src/main/resources
2021-09-11 14:30:20,123 [Worker-11: Importing Maven projects] INFO  o.e.m.j.i.AbstractJavaProjectConfigurator - Adding source folder /NyundooCommon/src/test/java
2021-09-11 14:30:20,243 [Worker-11: Importing Maven projects] INFO  o.e.m.j.i.AbstractJavaProjectConfigurator - Adding source folder /NyundooFrontEnd/src/main/java
2021-09-11 14:30:20,244 [Worker-11: Importing Maven projects] INFO  o.e.m.j.i.AbstractJavaProjectConfigurator - Adding resource folder /NyundooFrontEnd/src/main/resources
2021-09-11 14:30:20,244 [Worker-11: Importing Maven projects] INFO  o.e.m.j.i.AbstractJavaProjectConfigurator - Adding resource folder /NyundooFrontEnd/src/main/resources
2021-09-11 14:30:20,245 [Worker-11: Importing Maven projects] INFO  o.e.m.j.i.AbstractJavaProjectConfigurator - Adding source folder /NyundooFrontEnd/src/test/java
2021-09-11 14:30:20,354 [Worker-11: Importing Maven projects] INFO  o.e.m.j.i.AbstractJavaProjectConfigurator - Adding source folder /NyundooBackEnd/src/main/java
2021-09-11 14:30:20,355 [Worker-11: Importing Maven projects] INFO  o.e.m.j.i.AbstractJavaProjectConfigurator - Adding resource folder /NyundooBackEnd/src/main/resources
2021-09-11 14:30:20,356 [Worker-11: Importing Maven projects] INFO  o.e.m.j.i.AbstractJavaProjectConfigurator - Adding resource folder /NyundooBackEnd/src/main/resources
2021-09-11 14:30:20,357 [Worker-11: Importing Maven projects] INFO  o.e.m.j.i.AbstractJavaProjectConfigurator - Adding source folder /NyundooBackEnd/src/test/java
2021-09-11 14:30:21,267 [Worker-11: Importing Maven projects] INFO  o.e.m.c.i.p.ProjectConfigurationManager - Imported and configured 5 project(s) in 6 sec
2021-09-11 14:30:25,340 [Worker-18: Building] INFO  o.e.m.c.i.embedder.EclipseLogger - Using 'UTF-8' encoding to copy filtered resources.
2021-09-11 14:30:25,340 [Worker-18: Building] INFO  o.e.m.c.i.embedder.EclipseLogger - Using 'UTF-8' encoding to copy filtered properties files.
2021-09-11 14:30:25,343 [Worker-18: Building] INFO  o.e.m.c.i.embedder.EclipseLogger - Copying 1 resource
2021-09-11 14:30:25,357 [Worker-18: Building] INFO  o.e.m.c.i.embedder.EclipseLogger - Copying 0 resource
2021-09-11 14:30:25,360 [Worker-18: Building] INFO  o.e.m.c.i.embedder.EclipseLogger - Using 'UTF-8' encoding to copy filtered resources.
2021-09-11 14:30:25,360 [Worker-18: Building] INFO  o.e.m.c.i.embedder.EclipseLogger - Using 'UTF-8' encoding to copy filtered properties files.
2021-09-11 14:30:25,360 [Worker-18: Building] INFO  o.e.m.c.i.embedder.EclipseLogger - skip non existing resourceDirectory /home/nyundoo/eclipse-workspace/NyundooEcommerce/NyundooProject/NyundooCommon/src/test/resources
2021-09-11 14:30:26,648 [Worker-18: Building] INFO  o.e.m.c.i.p.WorkspaceClassifierResolverManager - Resolving P/NyundooCommon: com.nyundoo:NyundooCommon:0.0.1-SNAPSHOT with classifier  to /NyundooCommon/target/classes
2021-09-11 14:30:26,697 [Worker-18: Building] INFO  o.e.m.c.i.p.WorkspaceClassifierResolverManager - Resolving P/NyundooCommon: com.nyundoo:NyundooCommon:0.0.1-SNAPSHOT with classifier  to /NyundooCommon/target/classes
2021-09-11 14:30:26,705 [Worker-18: Building] INFO  o.e.m.c.i.embedder.EclipseLogger - Using 'UTF-8' encoding to copy filtered resources.
2021-09-11 14:30:26,705 [Worker-18: Building] INFO  o.e.m.c.i.embedder.EclipseLogger - Using 'UTF-8' encoding to copy filtered properties files.
2021-09-11 14:30:26,706 [Worker-18: Building] INFO  o.e.m.c.i.embedder.EclipseLogger - Copying 1 resource
2021-09-11 14:30:26,712 [Worker-18: Building] INFO  o.e.m.c.i.embedder.EclipseLogger - Copying 33 resources
2021-09-11 14:30:26,750 [Worker-18: Building] INFO  o.e.m.c.i.embedder.EclipseLogger - Using 'UTF-8' encoding to copy filtered resources.
2021-09-11 14:30:26,751 [Worker-18: Building] INFO  o.e.m.c.i.embedder.EclipseLogger - Using 'UTF-8' encoding to copy filtered properties files.
2021-09-11 14:30:26,751 [Worker-18: Building] INFO  o.e.m.c.i.embedder.EclipseLogger - skip non existing resourceDirectory /home/nyundoo/eclipse-workspace/NyundooEcommerce/NyundooProject/NyundooWebParent/NyundooBackEnd/src/test/resources
2021-09-11 14:30:27,089 [Worker-18: Building] INFO  o.e.m.c.i.p.WorkspaceClassifierResolverManager - Resolving P/NyundooCommon: com.nyundoo:NyundooCommon:0.0.1-SNAPSHOT with classifier  to /NyundooCommon/target/classes
2021-09-11 14:30:27,110 [Worker-18: Building] INFO  o.e.m.c.i.p.WorkspaceClassifierResolverManager - Resolving P/NyundooCommon: com.nyundoo:NyundooCommon:0.0.1-SNAPSHOT with classifier  to /NyundooCommon/target/classes
2021-09-11 14:30:27,115 [Worker-18: Building] INFO  o.e.m.c.i.embedder.EclipseLogger - Using 'UTF-8' encoding to copy filtered resources.
2021-09-11 14:30:27,115 [Worker-18: Building] INFO  o.e.m.c.i.embedder.EclipseLogger - Using 'UTF-8' encoding to copy filtered properties files.
2021-09-11 14:30:27,115 [Worker-18: Building] INFO  o.e.m.c.i.embedder.EclipseLogger - Copying 1 resource
2021-09-11 14:30:27,117 [Worker-18: Building] INFO  o.e.m.c.i.embedder.EclipseLogger - Copying 1 resource
2021-09-11 14:30:27,120 [Worker-18: Building] INFO  o.e.m.c.i.embedder.EclipseLogger - Using 'UTF-8' encoding to copy filtered resources.
2021-09-11 14:30:27,120 [Worker-18: Building] INFO  o.e.m.c.i.embedder.EclipseLogger - Using 'UTF-8' encoding to copy filtered properties files.
2021-09-11 14:30:27,120 [Worker-18: Building] INFO  o.e.m.c.i.embedder.EclipseLogger - skip non existing resourceDirectory /home/nyundoo/eclipse-workspace/NyundooEcommerce/NyundooProject/NyundooWebParent/NyundooFrontEnd/src/test/resources
2021-09-11 14:30:27,410 [Worker-18: Building] INFO  o.e.m.c.i.p.WorkspaceClassifierResolverManager - Resolving P/NyundooCommon: com.nyundoo:NyundooCommon:0.0.1-SNAPSHOT with classifier  to /NyundooCommon/target/classes
2021-09-11 14:31:54,460 [Worker-2: Loading available Gradle versions] INFO  o.e.b.c.i.u.g.PublishedGradleVersions - Gradle version information cache is up-to-date. Trying to read.
